<?xml version="1.0" encoding="UTF-8"?>
<!-- Generated by org.testng.reporters.JUnitReportReporter -->
<testsuite hostname="Khan" failures="0" tests="3" name="Test_Model.Page_Factory_Signup_Test" time="1.571" errors="1" timestamp="2021-04-23T00:11:31 EDT" skipped="2">
  <testcase classname="Test_Model.Page_Factory_Signup_Test" name="OpenSignInPage" time="0.000">
    <skipped/>
  </testcase> <!-- OpenSignInPage -->
  <system-out/>
  <testcase classname="Test_Model.Page_Factory_Signup_Test" name="Setup" time="1.571">
    <error message="session not created: This version of ChromeDriver only supports Chrome version 86
Current browser version is 89.0.4389.128 with binary path C:\Program Files (x86)\Google\Chrome\Application\chrome.exe
Build info: version: &#039;3.141.59&#039;, revision: &#039;e82be7d358&#039;, time: &#039;2018-11-14T08:25:48&#039;
System info: host: &#039;KHAN&#039;, ip: &#039;192.168.42.1&#039;, os.name: &#039;Windows 10&#039;, os.arch: &#039;amd64&#039;, os.version: &#039;10.0&#039;, java.version: &#039;14.0.2&#039;
Driver info: driver.version: ChromeDriver
remote stacktrace: Backtrace:
	Ordinal0 [0x00F0C013+3194899]
	Ordinal0 [0x00DF6021+2056225]
	Ordinal0 [0x00C8F608+587272]
	Ordinal0 [0x00C11BF3+72691]
	Ordinal0 [0x00C0E229+57897]
	Ordinal0 [0x00C0C64A+50762]
	Ordinal0 [0x00C31EE9+204521]
	Ordinal0 [0x00C31D0D+204045]
	Ordinal0 [0x00C2FC1B+195611]
	Ordinal0 [0x00C13B7F+80767]
	Ordinal0 [0x00C14B4E+84814]
	Ordinal0 [0x00C14AD9+84697]
	Ordinal0 [0x00E0CE64+2149988]
	GetHandleVerifier [0x0107BE95+1400773]
	GetHandleVerifier [0x0107BB61+1399953]
	GetHandleVerifier [0x010831FA+1430314]
	GetHandleVerifier [0x0107C69F+1402831]
	Ordinal0 [0x00E03D61+2112865]
	Ordinal0 [0x00E0E5CB+2155979]
	Ordinal0 [0x00E0E6F5+2156277]
	Ordinal0 [0x00E1F26E+2224750]
	BaseThreadInitThunk [0x76F26359+25]
	RtlGetAppContainerNamedObjectPath [0x77548964+228]
	RtlGetAppContainerNamedObjectPath [0x77548934+180]
" type="org.openqa.selenium.SessionNotCreatedException">
      <![CDATA[org.openqa.selenium.SessionNotCreatedException: session not created: This version of ChromeDriver only supports Chrome version 86
Current browser version is 89.0.4389.128 with binary path C:\Program Files (x86)\Google\Chrome\Application\chrome.exe
Build info: version: '3.141.59', revision: 'e82be7d358', time: '2018-11-14T08:25:48'
System info: host: 'KHAN', ip: '192.168.42.1', os.name: 'Windows 10', os.arch: 'amd64', os.version: '10.0', java.version: '14.0.2'
Driver info: driver.version: ChromeDriver
remote stacktrace: Backtrace:
Ordinal0 [0x00F0C013+3194899]
Ordinal0 [0x00DF6021+2056225]
Ordinal0 [0x00C8F608+587272]
Ordinal0 [0x00C11BF3+72691]
Ordinal0 [0x00C0E229+57897]
Ordinal0 [0x00C0C64A+50762]
Ordinal0 [0x00C31EE9+204521]
Ordinal0 [0x00C31D0D+204045]
Ordinal0 [0x00C2FC1B+195611]
Ordinal0 [0x00C13B7F+80767]
Ordinal0 [0x00C14B4E+84814]
Ordinal0 [0x00C14AD9+84697]
Ordinal0 [0x00E0CE64+2149988]
GetHandleVerifier [0x0107BE95+1400773]
GetHandleVerifier [0x0107BB61+1399953]
GetHandleVerifier [0x010831FA+1430314]
GetHandleVerifier [0x0107C69F+1402831]
Ordinal0 [0x00E03D61+2112865]
Ordinal0 [0x00E0E5CB+2155979]
Ordinal0 [0x00E0E6F5+2156277]
Ordinal0 [0x00E1F26E+2224750]
BaseThreadInitThunk [0x76F26359+25]
RtlGetAppContainerNamedObjectPath [0x77548964+228]
RtlGetAppContainerNamedObjectPath [0x77548934+180]

at java.base/jdk.internal.reflect.NativeConstructorAccessorImpl.newInstance0(Native Method)
at java.base/jdk.internal.reflect.NativeConstructorAccessorImpl.newInstance(NativeConstructorAccessorImpl.java:62)
at java.base/jdk.internal.reflect.DelegatingConstructorAccessorImpl.newInstance(DelegatingConstructorAccessorImpl.java:45)
at java.base/java.lang.reflect.Constructor.newInstanceWithCaller(Constructor.java:500)
at java.base/java.lang.reflect.Constructor.newInstance(Constructor.java:481)
at org.openqa.selenium.remote.W3CHandshakeResponse.lambda$errorHandler$0(W3CHandshakeResponse.java:62)
at org.openqa.selenium.remote.HandshakeResponse.lambda$getResponseFunction$0(HandshakeResponse.java:30)
at org.openqa.selenium.remote.ProtocolHandshake.lambda$createSession$0(ProtocolHandshake.java:126)
at java.base/java.util.stream.ReferencePipeline$3$1.accept(ReferencePipeline.java:195)
at java.base/java.util.Spliterators$ArraySpliterator.tryAdvance(Spliterators.java:958)
at java.base/java.util.stream.ReferencePipeline.forEachWithCancel(ReferencePipeline.java:127)
at java.base/java.util.stream.AbstractPipeline.copyIntoWithCancel(AbstractPipeline.java:502)
at java.base/java.util.stream.AbstractPipeline.copyInto(AbstractPipeline.java:488)
at java.base/java.util.stream.AbstractPipeline.wrapAndCopyInto(AbstractPipeline.java:474)
at java.base/java.util.stream.FindOps$FindOp.evaluateSequential(FindOps.java:150)
at java.base/java.util.stream.AbstractPipeline.evaluate(AbstractPipeline.java:234)
at java.base/java.util.stream.ReferencePipeline.findFirst(ReferencePipeline.java:543)
at org.openqa.selenium.remote.ProtocolHandshake.createSession(ProtocolHandshake.java:128)
at org.openqa.selenium.remote.ProtocolHandshake.createSession(ProtocolHandshake.java:74)
at org.openqa.selenium.remote.HttpCommandExecutor.execute(HttpCommandExecutor.java:136)
at org.openqa.selenium.remote.service.DriverCommandExecutor.execute(DriverCommandExecutor.java:83)
at org.openqa.selenium.remote.RemoteWebDriver.execute(RemoteWebDriver.java:552)
at org.openqa.selenium.remote.RemoteWebDriver.startSession(RemoteWebDriver.java:213)
at org.openqa.selenium.remote.RemoteWebDriver.<init>(RemoteWebDriver.java:131)
at org.openqa.selenium.chrome.ChromeDriver.<init>(ChromeDriver.java:181)
at org.openqa.selenium.chrome.ChromeDriver.<init>(ChromeDriver.java:168)
at org.openqa.selenium.chrome.ChromeDriver.<init>(ChromeDriver.java:123)
at Test_Model.Page_Factory_Signup_Test.Setup(Page_Factory_Signup_Test.java:25)
at java.base/jdk.internal.reflect.NativeMethodAccessorImpl.invoke0(Native Method)
at java.base/jdk.internal.reflect.NativeMethodAccessorImpl.invoke(NativeMethodAccessorImpl.java:62)
at java.base/jdk.internal.reflect.DelegatingMethodAccessorImpl.invoke(DelegatingMethodAccessorImpl.java:43)
at java.base/java.lang.reflect.Method.invoke(Method.java:564)
at org.testng.internal.MethodInvocationHelper.invokeMethod(MethodInvocationHelper.java:132)
at org.testng.internal.MethodInvocationHelper.invokeMethodConsideringTimeout(MethodInvocationHelper.java:61)
at org.testng.internal.ConfigInvoker.invokeConfigurationMethod(ConfigInvoker.java:366)
at org.testng.internal.ConfigInvoker.invokeConfigurations(ConfigInvoker.java:320)
at org.testng.TestRunner.invokeTestConfigurations(TestRunner.java:617)
at org.testng.TestRunner.beforeRun(TestRunner.java:607)
at org.testng.TestRunner.run(TestRunner.java:578)
at org.testng.SuiteRunner.runTest(SuiteRunner.java:384)
at org.testng.SuiteRunner.runSequentially(SuiteRunner.java:378)
at org.testng.SuiteRunner.privateRun(SuiteRunner.java:337)
at org.testng.SuiteRunner.run(SuiteRunner.java:286)
at org.testng.SuiteRunnerWorker.runSuite(SuiteRunnerWorker.java:53)
at org.testng.SuiteRunnerWorker.run(SuiteRunnerWorker.java:96)
at org.testng.TestNG.runSuitesSequentially(TestNG.java:1218)
at org.testng.TestNG.runSuitesLocally(TestNG.java:1140)
at org.testng.TestNG.runSuites(TestNG.java:1069)
at org.testng.TestNG.run(TestNG.java:1037)
at org.testng.remote.AbstractRemoteTestNG.run(AbstractRemoteTestNG.java:115)
at org.testng.remote.RemoteTestNG.initAndRun(RemoteTestNG.java:251)
at org.testng.remote.RemoteTestNG.main(RemoteTestNG.java:77)
]]>
    </error>
  </testcase> <!-- Setup -->
  <system-out/>
  <testcase classname="Test_Model.Page_Factory_Signup_Test" name="OpenSignUpPage" time="0.000">
    <skipped/>
  </testcase> <!-- OpenSignUpPage -->
  <system-out/>
</testsuite> <!-- Test_Model.Page_Factory_Signup_Test -->
